<?xml version="1.0" encoding="UTF-8"?>
<testsuite xmlns:xsi="http://www.w3.org/2001/XMLSchema-instance" xsi:noNamespaceSchemaLocation="https://maven.apache.org/surefire/maven-surefire-plugin/xsd/surefire-test-report.xsd" version="3.0.2" name="br.ufscar.dc.dsw.EspressoGamingTestingJpaApplicationTests" time="6.963" tests="1" errors="0" skipped="0" failures="0">
  <properties>
[...]
</properties>
  <testcase name="contextLoads" classname="br.ufscar.dc.dsw.EspressoGamingTestingJpaApplicationTests" time="0.585">
    <system-out><![CDATA[13:19:55.397 [main] INFO org.springframework.test.context.support.AnnotationConfigContextLoaderUtils -- Could not detect default configuration classes for test class [br.ufscar.dc.dsw.EspressoGamingTestingJpaApplicationTests]: EspressoGamingTestingJpaApplicationTests does not declare any static, non-private, non-final, nested classes annotated with @Configuration.
13:19:55.530 [main] INFO org.springframework.boot.test.context.SpringBootTestContextBootstrapper -- Found @SpringBootConfiguration br.ufscar.dc.dsw.EspressoGamingTestingJpaApplication for test class br.ufscar.dc.dsw.EspressoGamingTestingJpaApplicationTests
13:19:55.758 [main] INFO org.springframework.boot.devtools.restart.RestartApplicationListener -- Restart disabled due to context in which it is running

  .   ____          _            __ _ _
 /\\ / ___'_ __ _ _(_)_ __  __ _ \ \ \ \
( ( )\___ | '_ | '_| | '_ \/ _` | \ \ \ \
 \\/  ___)| |_)| | | | | || (_| |  ) ) ) )
  '  |____| .__|_| |_|_| |_\__, | / / / /
 =========|_|==============|___/=/_/_/_/

 :: Spring Boot ::                (v3.4.6)

2025-06-14T13:19:56.140-03:00  INFO 82526 --- [EspressoGamingTestingJPA] [           main] EspressoGamingTestingJpaApplicationTests : Starting EspressoGamingTestingJpaApplicationTests using Java 21.0.7 with PID 82526 (started by ronan in /home/ronan/SpringEspresso)
2025-06-14T13:19:56.143-03:00  INFO 82526 --- [EspressoGamingTestingJPA] [           main] EspressoGamingTestingJpaApplicationTests : No active profile set, falling back to 1 default profile: "default"
2025-06-14T13:19:57.016-03:00  INFO 82526 --- [EspressoGamingTestingJPA] [           main] .s.d.r.c.RepositoryConfigurationDelegate : Bootstrapping Spring Data JPA repositories in DEFAULT mode.
2025-06-14T13:19:57.118-03:00  INFO 82526 --- [EspressoGamingTestingJPA] [           main] .s.d.r.c.RepositoryConfigurationDelegate : Finished Spring Data repository scanning in 90 ms. Found 4 JPA repository interfaces.
2025-06-14T13:19:57.666-03:00  INFO 82526 --- [EspressoGamingTestingJPA] [           main] o.hibernate.jpa.internal.util.LogHelper  : HHH000204: Processing PersistenceUnitInfo [name: default]
2025-06-14T13:19:57.715-03:00  INFO 82526 --- [EspressoGamingTestingJPA] [           main] org.hibernate.Version                    : HHH000412: Hibernate ORM core version 6.6.15.Final
2025-06-14T13:19:57.768-03:00  INFO 82526 --- [EspressoGamingTestingJPA] [           main] o.h.c.internal.RegionFactoryInitiator    : HHH000026: Second-level cache disabled
2025-06-14T13:19:58.066-03:00  INFO 82526 --- [EspressoGamingTestingJPA] [           main] o.s.o.j.p.SpringPersistenceUnitInfo      : No LoadTimeWeaver setup: ignoring JPA class transformer
2025-06-14T13:19:58.108-03:00  INFO 82526 --- [EspressoGamingTestingJPA] [           main] com.zaxxer.hikari.HikariDataSource       : HikariPool-1 - Starting...
2025-06-14T13:19:58.570-03:00  INFO 82526 --- [EspressoGamingTestingJPA] [           main] com.zaxxer.hikari.pool.HikariPool        : HikariPool-1 - Added connection com.mysql.cj.jdbc.ConnectionImpl@5a8d676e
2025-06-14T13:19:58.573-03:00  INFO 82526 --- [EspressoGamingTestingJPA] [           main] com.zaxxer.hikari.HikariDataSource       : HikariPool-1 - Start completed.
2025-06-14T13:19:58.892-03:00  WARN 82526 --- [EspressoGamingTestingJPA] [           main] o.h.e.j.e.i.JdbcEnvironmentInitiator     : HHH000339: Could not obtain connection metadata: java.sql.SQLSyntaxErrorException: Unknown column 'RESERVED' in 'WHERE'
2025-06-14T13:19:58.911-03:00  WARN 82526 --- [EspressoGamingTestingJPA] [           main] org.hibernate.orm.deprecation            : HHH90000025: MariaDBDialect does not need to be specified explicitly using 'hibernate.dialect' (remove the property setting and it will be selected by default)
2025-06-14T13:19:58.929-03:00  INFO 82526 --- [EspressoGamingTestingJPA] [           main] org.hibernate.orm.connections.pooling    : HHH10001005: Database info:
	Database JDBC URL [Connecting through datasource 'HikariDataSource (HikariPool-1)']
	Database driver: undefined/unknown
	Database version: 10.4
	Autocommit mode: undefined/unknown
	Isolation level: undefined/unknown
	Minimum pool size: undefined/unknown
	Maximum pool size: undefined/unknown
2025-06-14T13:19:59.978-03:00  INFO 82526 --- [EspressoGamingTestingJPA] [           main] o.h.e.t.j.p.i.JtaPlatformInitiator       : HHH000489: No JTA platform available (set 'hibernate.transaction.jta.platform' to enable JTA platform integration)
Hibernate: create table tb_autor (id binary(16) not null, nome varchar(255) not null, primary key (id)) engine=InnoDB
Hibernate: create table tb_livro (id binary(16) not null, titulo varchar(255) not null, publisher_id binary(16), primary key (id)) engine=InnoDB
Hibernate: create table tb_livro_autor (livro_id binary(16) not null, autor_id binary(16) not null, primary key (livro_id, autor_id)) engine=InnoDB
Hibernate: create table tb_publisher (id binary(16) not null, nome varchar(255) not null, primary key (id)) engine=InnoDB
Hibernate: create table tb_review (id binary(16) not null, comentario varchar(255) not null, livro_id binary(16), primary key (id)) engine=InnoDB
Hibernate: alter table tb_autor drop index if exists UKto9q0mb7e8e9f7ewh2e4ykaup
Hibernate: alter table tb_autor add constraint UKto9q0mb7e8e9f7ewh2e4ykaup unique (nome)
Hibernate: alter table tb_livro drop index if exists UKj5dwuqb6c3s8yatdmtepv2kgj
Hibernate: alter table tb_livro add constraint UKj5dwuqb6c3s8yatdmtepv2kgj unique (titulo)
Hibernate: alter table tb_publisher drop index if exists UKrq2p91dpakhts8vk30nhn1v0f
Hibernate: alter table tb_publisher add constraint UKrq2p91dpakhts8vk30nhn1v0f unique (nome)
Hibernate: alter table tb_review drop index if exists UK4jxl1c876vwnflml2e6a3g9xu
Hibernate: alter table tb_review add constraint UK4jxl1c876vwnflml2e6a3g9xu unique (livro_id)
Hibernate: alter table tb_livro add constraint FKlly468bdsu85luf1xod506jpc foreign key (publisher_id) references tb_publisher (id)
Hibernate: alter table tb_livro_autor add constraint FK64ej00rh1ju1fihcr7royl1jv foreign key (autor_id) references tb_autor (id)
Hibernate: alter table tb_livro_autor add constraint FKhai3b8r0uxkepxgsmrrchr6r6 foreign key (livro_id) references tb_livro (id)
Hibernate: alter table tb_review add constraint FKq5lfearyid3d170vig47awmvb foreign key (livro_id) references tb_livro (id)
2025-06-14T13:20:00.473-03:00  INFO 82526 --- [EspressoGamingTestingJPA] [           main] j.LocalContainerEntityManagerFactoryBean : Initialized JPA EntityManagerFactory for persistence unit 'default'
2025-06-14T13:20:00.855-03:00  INFO 82526 --- [EspressoGamingTestingJPA] [           main] o.s.d.j.r.query.QueryEnhancerFactory     : Hibernate is in classpath; If applicable, HQL parser will be used.
2025-06-14T13:20:01.579-03:00  INFO 82526 --- [EspressoGamingTestingJPA] [           main] EspressoGamingTestingJpaApplicationTests : Started EspressoGamingTestingJpaApplicationTests in 5.835 seconds (process running for 6.99)
]]></system-out>
    <system-err><![CDATA[Mockito is currently self-attaching to enable the inline-mock-maker. This will no longer work in future releases of the JDK. Please add Mockito as an agent to your build what is described in Mockito's documentation: https://javadoc.io/doc/org.mockito/mockito-core/latest/org/mockito/Mockito.html#0.3
WARNING: A Java agent has been loaded dynamically (/home/ronan/.m2/repository/net/bytebuddy/byte-buddy-agent/1.15.11/byte-buddy-agent-1.15.11.jar)
WARNING: If a serviceability tool is in use, please run with -XX:+EnableDynamicAgentLoading to hide this warning
WARNING: If a serviceability tool is not in use, please run with -Djdk.instrument.traceUsage for more information
WARNING: Dynamic loading of agents will be disallowed by default in a future release
]]></system-err>
  </testcase>
</testsuite>